# JRE version: OpenJDK Runtime Environment Temurin-21.0.7+6 (21.0.7+6) (build 21.0.7+6-LTS)
# Java VM: OpenJDK 64-Bit Server VM Temurin-21.0.7+6 (21.0.7+6-LTS, mixed mode, sharing, tiered, compressed oops, compressed class ptrs, parallel gc, windows-amd64)
GC Precious Log:
 CardTable entry size: 512
 CPUs: 20 total, 20 available
 Memory: 65406M
 Large Page Support: Disabled
 NUMA Support: Disabled
 Compressed Oops: Enabled (32-bit)
 Alignments: Space 512K, Generation 512K, Heap 2M
 Heap Min Capacity: 100M
 Heap Initial Capacity: 100M
 Heap Max Capacity: 2G
 Pre-touch: Disabled
 Parallel Workers: 15
Heap:
 PSYoungGen      total 8704K, used 8320K [0x00000000d5580000, 0x00000000d6300000, 0x0000000100000000)
  eden space 4608K, 98% used [0x00000000d5580000,0x00000000d59f4128,0x00000000d5a00000)
  from space 4096K, 91% used [0x00000000d5a80000,0x00000000d5e2c000,0x00000000d5e80000)
  to   space 4608K, 82% used [0x00000000d5e80000,0x00000000d62396e0,0x00000000d6300000)
 ParOldGen       total 235008K, used 234665K [0x0000000080000000, 0x000000008e580000, 0x00000000d5580000)
  object space 235008K, 99% used [0x0000000080000000,0x000000008e52a750,0x000000008e580000)
 Metaspace       used 96450K, committed 98176K, reserved 1179648K
  class space    used 10383K, committed 11264K, reserved 1048576K
GC Heap History (20 events):
Event: 10935.305 GC heap after
{Heap after GC invocations=10133 (full 12):
 PSYoungGen      total 5120K, used 480K [0x00000000d5580000, 0x00000000d6000000, 0x0000000100000000)
  eden space 4608K, 0% used [0x00000000d5580000,0x00000000d5580000,0x00000000d5a00000)
  from space 512K, 93% used [0x00000000d5f80000,0x00000000d5ff8000,0x00000000d6000000)
  to   space 1024K, 0% used [0x00000000d5e00000,0x00000000d5e00000,0x00000000d5f00000)
 ParOldGen       total 219648K, used 219441K [0x0000000080000000, 0x000000008d680000, 0x00000000d5580000)
  object space 219648K, 99% used [0x0000000080000000,0x000000008d64c630,0x000000008d680000)
 Metaspace       used 96449K, committed 98176K, reserved 1179648K
  class space    used 10382K, committed 11264K, reserved 1048576K
}
Event: 10935.327 GC heap before
{Heap before GC invocations=10134 (full 12):
 PSYoungGen      total 5120K, used 5088K [0x00000000d5580000, 0x00000000d6000000, 0x0000000100000000)
  eden space 4608K, 100% used [0x00000000d5580000,0x00000000d5a00000,0x00000000d5a00000)
  from space 512K, 93% used [0x00000000d5f80000,0x00000000d5ff8000,0x00000000d6000000)
  to   space 1024K, 0% used [0x00000000d5e00000,0x00000000d5e00000,0x00000000d5f00000)
 ParOldGen       total 219648K, used 219441K [0x0000000080000000, 0x000000008d680000, 0x00000000d5580000)
  object space 219648K, 99% used [0x0000000080000000,0x000000008d64c630,0x000000008d680000)
 Metaspace       used 96449K, committed 98176K, reserved 1179648K
  class space    used 10382K, committed 11264K, reserved 1048576K
}
Event: 10935.327 GC heap after
{Heap after GC invocations=10134 (full 12):
 PSYoungGen      total 5632K, used 416K [0x00000000d5580000, 0x00000000d6000000, 0x0000000100000000)
  eden space 4608K, 0% used [0x00000000d5580000,0x00000000d5580000,0x00000000d5a00000)
  from space 1024K, 40% used [0x00000000d5e00000,0x00000000d5e68000,0x00000000d5f00000)
  to   space 512K, 0% used [0x00000000d5f80000,0x00000000d5f80000,0x00000000d6000000)
 ParOldGen       total 219648K, used 219529K [0x0000000080000000, 0x000000008d680000, 0x00000000d5580000)
  object space 219648K, 99% used [0x0000000080000000,0x000000008d662630,0x000000008d680000)
 Metaspace       used 96449K, committed 98176K, reserved 1179648K
  class space    used 10382K, committed 11264K, reserved 1048576K
}
Event: 10935.350 GC heap before
{Heap before GC invocations=10135 (full 12):
 PSYoungGen      total 5632K, used 5024K [0x00000000d5580000, 0x00000000d6000000, 0x0000000100000000)
  eden space 4608K, 100% used [0x00000000d5580000,0x00000000d5a00000,0x00000000d5a00000)
  from space 1024K, 40% used [0x00000000d5e00000,0x00000000d5e68000,0x00000000d5f00000)
  to   space 512K, 0% used [0x00000000d5f80000,0x00000000d5f80000,0x00000000d6000000)
 ParOldGen       total 219648K, used 219529K [0x0000000080000000, 0x000000008d680000, 0x00000000d5580000)
  object space 219648K, 99% used [0x0000000080000000,0x000000008d662630,0x000000008d680000)
 Metaspace       used 96449K, committed 98176K, reserved 1179648K
  class space    used 10382K, committed 11264K, reserved 1048576K
}
Event: 10935.351 GC heap after
{Heap after GC invocations=10135 (full 12):
 PSYoungGen      total 5120K, used 480K [0x00000000d5580000, 0x00000000d6000000, 0x0000000100000000)
  eden space 4608K, 0% used [0x00000000d5580000,0x00000000d5580000,0x00000000d5a00000)
  from space 512K, 93% used [0x00000000d5f80000,0x00000000d5ff8000,0x00000000d6000000)
  to   space 512K, 0% used [0x00000000d5f00000,0x00000000d5f00000,0x00000000d5f80000)
 ParOldGen       total 219648K, used 219529K [0x0000000080000000, 0x000000008d680000, 0x00000000d5580000)
  object space 219648K, 99% used [0x0000000080000000,0x000000008d662630,0x000000008d680000)
 Metaspace       used 96449K, committed 98176K, reserved 1179648K
  class space    used 10382K, committed 11264K, reserved 1048576K
}
Event: 10939.197 GC heap before
{Heap before GC invocations=10136 (full 12):
 PSYoungGen      total 5120K, used 5088K [0x00000000d5580000, 0x00000000d6000000, 0x0000000100000000)
  eden space 4608K, 100% used [0x00000000d5580000,0x00000000d5a00000,0x00000000d5a00000)
  from space 512K, 93% used [0x00000000d5f80000,0x00000000d5ff8000,0x00000000d6000000)
  to   space 512K, 0% used [0x00000000d5f00000,0x00000000d5f00000,0x00000000d5f80000)
 ParOldGen       total 219648K, used 219529K [0x0000000080000000, 0x000000008d680000, 0x00000000d5580000)
  object space 219648K, 99% used [0x0000000080000000,0x000000008d662630,0x000000008d680000)
 Metaspace       used 96450K, committed 98176K, reserved 1179648K
  class space    used 10383K, committed 11264K, reserved 1048576K
}
Event: 10939.197 GC heap after
{Heap after GC invocations=10136 (full 12):
 PSYoungGen      total 5120K, used 448K [0x00000000d5580000, 0x00000000d6000000, 0x0000000100000000)
  eden space 4608K, 0% used [0x00000000d5580000,0x00000000d5580000,0x00000000d5a00000)
  from space 512K, 87% used [0x00000000d5f00000,0x00000000d5f70000,0x00000000d5f80000)
  to   space 512K, 0% used [0x00000000d5f80000,0x00000000d5f80000,0x00000000d6000000)
 ParOldGen       total 219648K, used 219537K [0x0000000080000000, 0x000000008d680000, 0x00000000d5580000)
  object space 219648K, 99% used [0x0000000080000000,0x000000008d664630,0x000000008d680000)
 Metaspace       used 96450K, committed 98176K, reserved 1179648K
  class space    used 10383K, committed 11264K, reserved 1048576K
}
Event: 10939.217 GC heap before
{Heap before GC invocations=10137 (full 12):
 PSYoungGen      total 5120K, used 5056K [0x00000000d5580000, 0x00000000d6000000, 0x0000000100000000)
  eden space 4608K, 100% used [0x00000000d5580000,0x00000000d5a00000,0x00000000d5a00000)
  from space 512K, 87% used [0x00000000d5f00000,0x00000000d5f70000,0x00000000d5f80000)
  to   space 512K, 0% used [0x00000000d5f80000,0x00000000d5f80000,0x00000000d6000000)
 ParOldGen       total 219648K, used 219537K [0x0000000080000000, 0x000000008d680000, 0x00000000d5580000)
  object space 219648K, 99% used [0x0000000080000000,0x000000008d664630,0x000000008d680000)
 Metaspace       used 96450K, committed 98176K, reserved 1179648K
  class space    used 10383K, committed 11264K, reserved 1048576K
}
Event: 10939.218 GC heap after
{Heap after GC invocations=10137 (full 12):
 PSYoungGen      total 5120K, used 512K [0x00000000d5580000, 0x00000000d6000000, 0x0000000100000000)
  eden space 4608K, 0% used [0x00000000d5580000,0x00000000d5580000,0x00000000d5a00000)
  from space 512K, 100% used [0x00000000d5f80000,0x00000000d6000000,0x00000000d6000000)
  to   space 1024K, 0% used [0x00000000d5e00000,0x00000000d5e00000,0x00000000d5f00000)
 ParOldGen       total 220160K, used 219672K [0x0000000080000000, 0x000000008d700000, 0x00000000d5580000)
  object space 220160K, 99% used [0x0000000080000000,0x000000008d686130,0x000000008d700000)
 Metaspace       used 96450K, committed 98176K, reserved 1179648K
  class space    used 10383K, committed 11264K, reserved 1048576K
}
Event: 10939.256 GC heap before
{Heap before GC invocations=10138 (full 12):
 PSYoungGen      total 5120K, used 5120K [0x00000000d5580000, 0x00000000d6000000, 0x0000000100000000)
  eden space 4608K, 100% used [0x00000000d5580000,0x00000000d5a00000,0x00000000d5a00000)
  from space 512K, 100% used [0x00000000d5f80000,0x00000000d6000000,0x00000000d6000000)
  to   space 1024K, 0% used [0x00000000d5e00000,0x00000000d5e00000,0x00000000d5f00000)
 ParOldGen       total 220160K, used 219672K [0x0000000080000000, 0x000000008d700000, 0x00000000d5580000)
  object space 220160K, 99% used [0x0000000080000000,0x000000008d686130,0x000000008d700000)
 Metaspace       used 96450K, committed 98176K, reserved 1179648K
  class space    used 10383K, committed 11264K, reserved 1048576K
}
Event: 10939.256 GC heap after
{Heap after GC invocations=10138 (full 12):
 PSYoungGen      total 5632K, used 320K [0x00000000d5580000, 0x00000000d6000000, 0x0000000100000000)
  eden space 4608K, 0% used [0x00000000d5580000,0x00000000d5580000,0x00000000d5a00000)
  from space 1024K, 31% used [0x00000000d5e00000,0x00000000d5e50000,0x00000000d5f00000)
  to   space 512K, 0% used [0x00000000d5f80000,0x00000000d5f80000,0x00000000d6000000)
 ParOldGen       total 220160K, used 219680K [0x0000000080000000, 0x000000008d700000, 0x00000000d5580000)
  object space 220160K, 99% used [0x0000000080000000,0x000000008d688130,0x000000008d700000)
 Metaspace       used 96450K, committed 98176K, reserved 1179648K
  class space    used 10383K, committed 11264K, reserved 1048576K
}
Event: 10942.837 GC heap before
{Heap before GC invocations=10139 (full 12):
 PSYoungGen      total 5632K, used 4928K [0x00000000d5580000, 0x00000000d6000000, 0x0000000100000000)
  eden space 4608K, 100% used [0x00000000d5580000,0x00000000d5a00000,0x00000000d5a00000)
  from space 1024K, 31% used [0x00000000d5e00000,0x00000000d5e50000,0x00000000d5f00000)
  to   space 512K, 0% used [0x00000000d5f80000,0x00000000d5f80000,0x00000000d6000000)
 ParOldGen       total 220160K, used 219680K [0x0000000080000000, 0x000000008d700000, 0x00000000d5580000)
  object space 220160K, 99% used [0x0000000080000000,0x000000008d688130,0x000000008d700000)
 Metaspace       used 96450K, committed 98176K, reserved 1179648K
  class space    used 10383K, committed 11264K, reserved 1048576K
}
Event: 10942.838 GC heap after
{Heap after GC invocations=10139 (full 12):
 PSYoungGen      total 5120K, used 512K [0x00000000d5580000, 0x00000000d6100000, 0x0000000100000000)
  eden space 4608K, 0% used [0x00000000d5580000,0x00000000d5580000,0x00000000d5a00000)
  from space 512K, 100% used [0x00000000d5f80000,0x00000000d6000000,0x00000000d6000000)
  to   space 3584K, 0% used [0x00000000d5a00000,0x00000000d5a00000,0x00000000d5d80000)
 ParOldGen       total 222720K, used 222265K [0x0000000080000000, 0x000000008d980000, 0x00000000d5580000)
  object space 222720K, 99% used [0x0000000080000000,0x000000008d90e740,0x000000008d980000)
 Metaspace       used 96450K, committed 98176K, reserved 1179648K
  class space    used 10383K, committed 11264K, reserved 1048576K
}
Event: 10942.844 GC heap before
{Heap before GC invocations=10140 (full 12):
 PSYoungGen      total 5120K, used 5120K [0x00000000d5580000, 0x00000000d6100000, 0x0000000100000000)
  eden space 4608K, 100% used [0x00000000d5580000,0x00000000d5a00000,0x00000000d5a00000)
  from space 512K, 100% used [0x00000000d5f80000,0x00000000d6000000,0x00000000d6000000)
  to   space 3584K, 0% used [0x00000000d5a00000,0x00000000d5a00000,0x00000000d5d80000)
 ParOldGen       total 222720K, used 222265K [0x0000000080000000, 0x000000008d980000, 0x00000000d5580000)
  object space 222720K, 99% used [0x0000000080000000,0x000000008d90e740,0x000000008d980000)
 Metaspace       used 96450K, committed 98176K, reserved 1179648K
  class space    used 10383K, committed 11264K, reserved 1048576K
}
Event: 10942.845 GC heap after
{Heap after GC invocations=10140 (full 12):
 PSYoungGen      total 8192K, used 3584K [0x00000000d5580000, 0x00000000d6500000, 0x0000000100000000)
  eden space 4608K, 0% used [0x00000000d5580000,0x00000000d5580000,0x00000000d5a00000)
  from space 3584K, 100% used [0x00000000d5a00000,0x00000000d5d80000,0x00000000d5d80000)
  to   space 5632K, 0% used [0x00000000d5f80000,0x00000000d5f80000,0x00000000d6500000)
 ParOldGen       total 223744K, used 223665K [0x0000000080000000, 0x000000008da80000, 0x00000000d5580000)
  object space 223744K, 99% used [0x0000000080000000,0x000000008da6c750,0x000000008da80000)
 Metaspace       used 96450K, committed 98176K, reserved 1179648K
  class space    used 10383K, committed 11264K, reserved 1048576K
}
Event: 10942.851 GC heap before
{Heap before GC invocations=10141 (full 12):
 PSYoungGen      total 8192K, used 8192K [0x00000000d5580000, 0x00000000d6500000, 0x0000000100000000)
  eden space 4608K, 100% used [0x00000000d5580000,0x00000000d5a00000,0x00000000d5a00000)
  from space 3584K, 100% used [0x00000000d5a00000,0x00000000d5d80000,0x00000000d5d80000)
  to   space 5632K, 0% used [0x00000000d5f80000,0x00000000d5f80000,0x00000000d6500000)
 ParOldGen       total 223744K, used 223665K [0x0000000080000000, 0x000000008da80000, 0x00000000d5580000)
  object space 223744K, 99% used [0x0000000080000000,0x000000008da6c750,0x000000008da80000)
 Metaspace       used 96450K, committed 98176K, reserved 1179648K
  class space    used 10383K, committed 11264K, reserved 1048576K
}
Event: 10942.853 GC heap after
{Heap after GC invocations=10141 (full 12):
 PSYoungGen      total 9728K, used 4832K [0x00000000d5580000, 0x00000000d6480000, 0x0000000100000000)
  eden space 4608K, 0% used [0x00000000d5580000,0x00000000d5580000,0x00000000d5a00000)
  from space 5120K, 94% used [0x00000000d5f80000,0x00000000d6438000,0x00000000d6480000)
  to   space 5120K, 0% used [0x00000000d5a80000,0x00000000d5a80000,0x00000000d5f80000)
 ParOldGen       total 227840K, used 227337K [0x0000000080000000, 0x000000008de80000, 0x00000000d5580000)
  object space 227840K, 99% used [0x0000000080000000,0x000000008de02750,0x000000008de80000)
 Metaspace       used 96450K, committed 98176K, reserved 1179648K
  class space    used 10383K, committed 11264K, reserved 1048576K
}
Event: 10942.861 GC heap before
{Heap before GC invocations=10142 (full 12):
 PSYoungGen      total 9728K, used 9008K [0x00000000d5580000, 0x00000000d6480000, 0x0000000100000000)
  eden space 4608K, 90% used [0x00000000d5580000,0x00000000d5994270,0x00000000d5a00000)
  from space 5120K, 94% used [0x00000000d5f80000,0x00000000d6438000,0x00000000d6480000)
  to   space 5120K, 0% used [0x00000000d5a80000,0x00000000d5a80000,0x00000000d5f80000)
 ParOldGen       total 227840K, used 227337K [0x0000000080000000, 0x000000008de80000, 0x00000000d5580000)
  object space 227840K, 99% used [0x0000000080000000,0x000000008de02750,0x000000008de80000)
 Metaspace       used 96450K, committed 98176K, reserved 1179648K
  class space    used 10383K, committed 11264K, reserved 1048576K
}
Event: 10942.863 GC heap after
{Heap after GC invocations=10142 (full 12):
 PSYoungGen      total 8704K, used 3760K [0x00000000d5580000, 0x00000000d6300000, 0x0000000100000000)
  eden space 4608K, 0% used [0x00000000d5580000,0x00000000d5580000,0x00000000d5a00000)
  from space 4096K, 91% used [0x00000000d5a80000,0x00000000d5e2c000,0x00000000d5e80000)
  to   space 4608K, 0% used [0x00000000d5e80000,0x00000000d5e80000,0x00000000d6300000)
 ParOldGen       total 232448K, used 232025K [0x0000000080000000, 0x000000008e300000, 0x00000000d5580000)
  object space 232448K, 99% used [0x0000000080000000,0x000000008e296750,0x000000008e300000)
 Metaspace       used 96450K, committed 98176K, reserved 1179648K
  class space    used 10383K, committed 11264K, reserved 1048576K
}
Event: 10942.899 GC heap before
{Heap before GC invocations=10143 (full 12):
 PSYoungGen      total 8704K, used 8320K [0x00000000d5580000, 0x00000000d6300000, 0x0000000100000000)
  eden space 4608K, 98% used [0x00000000d5580000,0x00000000d59f4128,0x00000000d5a00000)
  from space 4096K, 91% used [0x00000000d5a80000,0x00000000d5e2c000,0x00000000d5e80000)
  to   space 4608K, 0% used [0x00000000d5e80000,0x00000000d5e80000,0x00000000d6300000)
 ParOldGen       total 232448K, used 232025K [0x0000000080000000, 0x000000008e300000, 0x00000000d5580000)
  object space 232448K, 99% used [0x0000000080000000,0x000000008e296750,0x000000008e300000)
 Metaspace       used 96450K, committed 98176K, reserved 1179648K
  class space    used 10383K, committed 11264K, reserved 1048576K
}

